# JRE version: Java(TM) SE Runtime Environment (8.0_231-b11) (build 1.8.0_231-b11)
# Java VM: Java HotSpot(TM) 64-Bit Server VM (25.231-b11 mixed mode windows-amd64 compressed oops)
Heap:
 PSYoungGen      total 273920K, used 83217K [0x000000076af00000, 0x000000078cf00000, 0x00000007c0000000)
  eden space 257024K, 27% used [0x000000076af00000,0x000000076f515490,0x000000077aa00000)
  from space 16896K, 67% used [0x000000077bf80000,0x000000077caaf2f8,0x000000077d000000)
  to   space 22016K, 0% used [0x000000077aa00000,0x000000077aa00000,0x000000077bf80000)
 ParOldGen       total 175104K, used 22849K [0x00000006c0c00000, 0x00000006cb700000, 0x000000076af00000)
  object space 175104K, 13% used [0x00000006c0c00000,0x00000006c2250518,0x00000006cb700000)
 Metaspace       used 17116K, capacity 17642K, committed 17920K, reserved 1064960K
  class space    used 1821K, capacity 1944K, committed 2048K, reserved 1048576K
GC Heap History (10 events):
Event: 3.305 GC heap before
{Heap before GC invocations=4 (full 0):
 PSYoungGen      total 76288K, used 76076K [0x000000076af00000, 0x0000000774400000, 0x00000007c0000000)
  eden space 65536K, 100% used [0x000000076af00000,0x000000076ef00000,0x000000076ef00000)
  from space 10752K, 98% used [0x000000076ef00000,0x000000076f94b1d8,0x000000076f980000)
  to   space 10752K, 0% used [0x0000000773980000,0x0000000773980000,0x0000000774400000)
 ParOldGen       total 175104K, used 5683K [0x00000006c0c00000, 0x00000006cb700000, 0x000000076af00000)
  object space 175104K, 3% used [0x00000006c0c00000,0x00000006c118ce58,0x00000006cb700000)
 Metaspace       used 16358K, capacity 16710K, committed 17024K, reserved 1064960K
  class space    used 1751K, capacity 1858K, committed 1920K, reserved 1048576K
Event: 3.314 GC heap after
Heap after GC invocations=4 (full 0):
 PSYoungGen      total 141824K, used 10146K [0x000000076af00000, 0x0000000774400000, 0x00000007c0000000)
  eden space 131072K, 0% used [0x000000076af00000,0x000000076af00000,0x0000000772f00000)
  from space 10752K, 94% used [0x0000000773980000,0x00000007743688f8,0x0000000774400000)
  to   space 10752K, 0% used [0x0000000772f00000,0x0000000772f00000,0x0000000773980000)
 ParOldGen       total 175104K, used 5691K [0x00000006c0c00000, 0x00000006cb700000, 0x000000076af00000)
  object space 175104K, 3% used [0x00000006c0c00000,0x00000006c118ee58,0x00000006cb700000)
 Metaspace       used 16358K, capacity 16710K, committed 17024K, reserved 1064960K
  class space    used 1751K, capacity 1858K, committed 1920K, reserved 1048576K
}
Event: 4.142 GC heap before
{Heap before GC invocations=5 (full 0):
 PSYoungGen      total 141824K, used 141218K [0x000000076af00000, 0x0000000774400000, 0x00000007c0000000)
  eden space 131072K, 100% used [0x000000076af00000,0x0000000772f00000,0x0000000772f00000)
  from space 10752K, 94% used [0x0000000773980000,0x00000007743688f8,0x0000000774400000)
  to   space 10752K, 0% used [0x0000000772f00000,0x0000000772f00000,0x0000000773980000)
 ParOldGen       total 175104K, used 5691K [0x00000006c0c00000, 0x00000006cb700000, 0x000000076af00000)
  object space 175104K, 3% used [0x00000006c0c00000,0x00000006c118ee58,0x00000006cb700000)
 Metaspace       used 16677K, capacity 17120K, committed 17280K, reserved 1064960K
  class space    used 1778K, capacity 1873K, committed 1920K, reserved 1048576K
Event: 4.158 GC heap after
Heap after GC invocations=5 (full 0):
 PSYoungGen      total 141824K, used 10729K [0x000000076af00000, 0x000000077d000000, 0x00000007c0000000)
  eden space 131072K, 0% used [0x000000076af00000,0x000000076af00000,0x0000000772f00000)
  from space 10752K, 99% used [0x0000000772f00000,0x000000077397a420,0x0000000773980000)
  to   space 16896K, 0% used [0x000000077bf80000,0x000000077bf80000,0x000000077d000000)
 ParOldGen       total 175104K, used 8077K [0x00000006c0c00000, 0x00000006cb700000, 0x000000076af00000)
  object space 175104K, 4% used [0x00000006c0c00000,0x00000006c13e37b8,0x00000006cb700000)
 Metaspace       used 16677K, capacity 17120K, committed 17280K, reserved 1064960K
  class space    used 1778K, capacity 1873K, committed 1920K, reserved 1048576K
}
Event: 4.889 GC heap before
{Heap before GC invocations=6 (full 0):
 PSYoungGen      total 141824K, used 141801K [0x000000076af00000, 0x000000077d000000, 0x00000007c0000000)
  eden space 131072K, 100% used [0x000000076af00000,0x0000000772f00000,0x0000000772f00000)
  from space 10752K, 99% used [0x0000000772f00000,0x000000077397a420,0x0000000773980000)
  to   space 16896K, 0% used [0x000000077bf80000,0x000000077bf80000,0x000000077d000000)
 ParOldGen       total 175104K, used 8077K [0x00000006c0c00000, 0x00000006cb700000, 0x000000076af00000)
  object space 175104K, 4% used [0x00000006c0c00000,0x00000006c13e37b8,0x00000006cb700000)
 Metaspace       used 16887K, capacity 17312K, committed 17664K, reserved 1064960K
  class space    used 1804K, capacity 1921K, committed 2048K, reserved 1048576K
Event: 4.910 GC heap after
Heap after GC invocations=6 (full 0):
 PSYoungGen      total 273408K, used 16867K [0x000000076af00000, 0x000000077db00000, 0x00000007c0000000)
  eden space 256512K, 0% used [0x000000076af00000,0x000000076af00000,0x000000077a980000)
  from space 16896K, 99% used [0x000000077bf80000,0x000000077cff8c90,0x000000077d000000)
  to   space 22528K, 0% used [0x000000077a980000,0x000000077a980000,0x000000077bf80000)
 ParOldGen       total 175104K, used 14777K [0x00000006c0c00000, 0x00000006cb700000, 0x000000076af00000)
  object space 175104K, 8% used [0x00000006c0c00000,0x00000006c1a6e638,0x00000006cb700000)
 Metaspace       used 16887K, capacity 17312K, committed 17664K, reserved 1064960K
  class space    used 1804K, capacity 1921K, committed 2048K, reserved 1048576K
}
Event: 6.194 GC heap before
{Heap before GC invocations=7 (full 0):
 PSYoungGen      total 273408K, used 273379K [0x000000076af00000, 0x000000077db00000, 0x00000007c0000000)
  eden space 256512K, 100% used [0x000000076af00000,0x000000077a980000,0x000000077a980000)
  from space 16896K, 99% used [0x000000077bf80000,0x000000077cff8c90,0x000000077d000000)
  to   space 22528K, 0% used [0x000000077a980000,0x000000077a980000,0x000000077bf80000)
 ParOldGen       total 175104K, used 14777K [0x00000006c0c00000, 0x00000006cb700000, 0x000000076af00000)
  object space 175104K, 8% used [0x00000006c0c00000,0x00000006c1a6e638,0x00000006cb700000)
 Metaspace       used 17012K, capacity 17500K, committed 17664K, reserved 1064960K
  class space    used 1814K, capacity 1931K, committed 2048K, reserved 1048576K
Event: 6.234 GC heap after
Heap after GC invocations=7 (full 0):
 PSYoungGen      total 279040K, used 8077K [0x000000076af00000, 0x000000077db00000, 0x00000007c0000000)
  eden space 256512K, 0% used [0x000000076af00000,0x000000076af00000,0x000000077a980000)
  from space 22528K, 35% used [0x000000077a980000,0x000000077b1636d8,0x000000077bf80000)
  to   space 16896K, 0% used [0x000000077bf80000,0x000000077bf80000,0x000000077d000000)
 ParOldGen       total 175104K, used 21217K [0x00000006c0c00000, 0x00000006cb700000, 0x000000076af00000)
  object space 175104K, 12% used [0x00000006c0c00000,0x00000006c20b8518,0x00000006cb700000)
 Metaspace       used 17012K, capacity 17500K, committed 17664K, reserved 1064960K
  class space    used 1814K, capacity 1931K, committed 2048K, reserved 1048576K
}
Event: 7.271 GC heap before
{Heap before GC invocations=8 (full 0):
 PSYoungGen      total 279040K, used 264589K [0x000000076af00000, 0x000000077db00000, 0x00000007c0000000)
  eden space 256512K, 100% used [0x000000076af00000,0x000000077a980000,0x000000077a980000)
  from space 22528K, 35% used [0x000000077a980000,0x000000077b1636d8,0x000000077bf80000)
  to   space 16896K, 0% used [0x000000077bf80000,0x000000077bf80000,0x000000077d000000)
 ParOldGen       total 175104K, used 21217K [0x00000006c0c00000, 0x00000006cb700000, 0x000000076af00000)
  object space 175104K, 12% used [0x00000006c0c00000,0x00000006c20b8518,0x00000006cb700000)
 Metaspace       used 17086K, capacity 17606K, committed 17920K, reserved 1064960K
  class space    used 1818K, capacity 1938K, committed 2048K, reserved 1048576K
Event: 7.278 GC heap after
Heap after GC invocations=8 (full 0):
 PSYoungGen      total 273920K, used 11452K [0x000000076af00000, 0x000000078cf00000, 0x00000007c0000000)
  eden space 257024K, 0% used [0x000000076af00000,0x000000076af00000,0x000000077aa00000)
  from space 16896K, 67% used [0x000000077bf80000,0x000000077caaf2f8,0x000000077d000000)
  to   space 22016K, 0% used [0x000000077aa00000,0x000000077aa00000,0x000000077bf80000)
 ParOldGen       total 175104K, used 22849K [0x00000006c0c00000, 0x00000006cb700000, 0x000000076af00000)
  object space 175104K, 13% used [0x00000006c0c00000,0x00000006c2250518,0x00000006cb700000)
 Metaspace       used 17086K, capacity 17606K, committed 17920K, reserved 1064960K
  class space    used 1818K, capacity 1938K, committed 2048K, reserved 1048576K
}

